[2018-10-22 14:51:52] myapp.INFO: Matched route "install". {"route_parameters":{"_controller":"\\Eccube\\Controller\\Install\\InstallController::index","_route":"install"},"request_uri":"http://ec-cute-kaku87.c9users.io/html/install.php/"} []
[2018-10-22 14:51:52] myapp.INFO: > GET /html/install.php [] []
[2018-10-22 14:51:52] myapp.INFO: < 302 /html/install.php/step1 [] []
[2018-10-22 14:51:53] myapp.INFO: Matched route "install_step1". {"route_parameters":{"_controller":"\\Eccube\\Controller\\Install\\InstallController::step1","_route":"install_step1"},"request_uri":"http://ec-cute-kaku87.c9users.io/html/install.php/step1"} []
[2018-10-22 14:51:53] myapp.INFO: > GET /html/install.php/step1 [] []
[2018-10-22 14:51:53] myapp.INFO: < 200 [] []
[2018-10-22 14:52:03] myapp.INFO: Matched route "install_step1". {"route_parameters":{"_controller":"\\Eccube\\Controller\\Install\\InstallController::step1","_route":"install_step1"},"request_uri":"http://ec-cute-kaku87.c9users.io/html/install.php/step1"} []
[2018-10-22 14:52:03] myapp.INFO: > POST /html/install.php/step1 [] []
[2018-10-22 14:52:03] myapp.INFO: < 302 /html/install.php/step2 [] []
[2018-10-22 14:52:03] myapp.INFO: Matched route "install_step2". {"route_parameters":{"_controller":"\\Eccube\\Controller\\Install\\InstallController::step2","_route":"install_step2"},"request_uri":"http://ec-cute-kaku87.c9users.io/html/install.php/step2"} []
[2018-10-22 14:52:03] myapp.INFO: > GET /html/install.php/step2 [] []
[2018-10-22 14:52:03] myapp.INFO: < 200 [] []
[2018-10-22 14:52:12] myapp.INFO: Matched route "install_step3". {"route_parameters":{"_controller":"\\Eccube\\Controller\\Install\\InstallController::step3","_route":"install_step3"},"request_uri":"http://ec-cute-kaku87.c9users.io/html/install.php/step3"} []
[2018-10-22 14:52:12] myapp.INFO: > GET /html/install.php/step3 [] []
[2018-10-22 14:52:13] myapp.INFO: < 200 [] []
[2018-10-22 14:53:02] myapp.INFO: Matched route "install_step3". {"route_parameters":{"_controller":"\\Eccube\\Controller\\Install\\InstallController::step3","_route":"install_step3"},"request_uri":"http://ec-cute-kaku87.c9users.io/html/install.php/step3"} []
[2018-10-22 14:53:02] myapp.INFO: > POST /html/install.php/step3 [] []
[2018-10-22 14:53:02] myapp.INFO: < 200 [] []
[2018-10-22 14:53:13] myapp.INFO: Matched route "install_step3". {"route_parameters":{"_controller":"\\Eccube\\Controller\\Install\\InstallController::step3","_route":"install_step3"},"request_uri":"http://ec-cute-kaku87.c9users.io/html/install.php/step3"} []
[2018-10-22 14:53:13] myapp.INFO: > POST /html/install.php/step3 [] []
[2018-10-22 14:53:13] myapp.INFO: < 302 /html/install.php/step4 [] []
[2018-10-22 14:53:14] myapp.INFO: Matched route "install_step4". {"route_parameters":{"_controller":"\\Eccube\\Controller\\Install\\InstallController::step4","_route":"install_step4"},"request_uri":"http://ec-cute-kaku87.c9users.io/html/install.php/step4"} []
[2018-10-22 14:53:14] myapp.INFO: > GET /html/install.php/step4 [] []
[2018-10-22 14:53:14] myapp.INFO: < 200 [] []
[2018-10-22 14:53:32] myapp.INFO: Matched route "install_step4". {"route_parameters":{"_controller":"\\Eccube\\Controller\\Install\\InstallController::step4","_route":"install_step4"},"request_uri":"http://ec-cute-kaku87.c9users.io/html/install.php/step4"} []
[2018-10-22 14:53:32] myapp.INFO: > POST /html/install.php/step4 [] []
[2018-10-22 14:53:32] myapp.INFO: < 302 /html/install.php/step5 [] []
[2018-10-22 14:53:33] myapp.INFO: Matched route "install_step5". {"route_parameters":{"_controller":"\\Eccube\\Controller\\Install\\InstallController::step5","_route":"install_step5"},"request_uri":"http://ec-cute-kaku87.c9users.io/html/install.php/step5"} []
[2018-10-22 14:53:33] myapp.INFO: > GET /html/install.php/step5 [] []
[2018-10-22 14:53:33] myapp.INFO: < 200 [] []
[2018-10-22 14:53:36] myapp.INFO: Matched route "install_step5". {"route_parameters":{"_controller":"\\Eccube\\Controller\\Install\\InstallController::step5","_route":"install_step5"},"request_uri":"http://ec-cute-kaku87.c9users.io/html/install.php/step5"} []
[2018-10-22 14:53:36] myapp.INFO: > POST /html/install.php/step5 [] []
[2018-10-22 14:53:37] myapp.DEBUG: SELECT name FROM sqlite_master WHERE type = 'table' AND name != 'sqlite_sequence' AND name != 'geometry_columns' AND name != 'spatial_ref_sys' UNION ALL SELECT name FROM sqlite_temp_master WHERE type = 'table' ORDER BY name [] []
[2018-10-22 14:53:37] myapp.DEBUG: DROP TABLE IF EXISTS doctrine_migration_versions [] []
[2018-10-22 14:53:37] myapp.DEBUG: CREATE TABLE dtb_news (news_id INTEGER NOT NULL, creator_id INTEGER NOT NULL, news_date DATETIME DEFAULT NULL, rank INTEGER DEFAULT NULL, news_title CLOB NOT NULL, news_comment CLOB DEFAULT NULL, news_url CLOB DEFAULT NULL, news_select SMALLINT DEFAULT 0 NOT NULL, link_method SMALLINT DEFAULT 0 NOT NULL, create_date DATETIME NOT NULL, update_date DATETIME NOT NULL, del_flg SMALLINT DEFAULT 0 NOT NULL, PRIMARY KEY(news_id), CONSTRAINT FK_EA4C351761220EA6 FOREIGN KEY (creator_id) REFERENCES dtb_member (member_id) NOT DEFERRABLE INITIALLY IMMEDIATE) [] []
[2018-10-22 14:53:37] myapp.DEBUG: CREATE INDEX IDX_EA4C351761220EA6 ON dtb_news (creator_id) [] []
[2018-10-22 14:53:37] myapp.DEBUG: CREATE TABLE dtb_payment (payment_id INTEGER NOT NULL, creator_id INTEGER NOT NULL, payment_method CLOB DEFAULT NULL, charge NUMERIC(10, 0) DEFAULT NULL, rule_max NUMERIC(10, 0) DEFAULT NULL, rank INTEGER DEFAULT NULL, fix_flg SMALLINT DEFAULT 1, del_flg SMALLINT DEFAULT 0 NOT NULL, create_date DATETIME NOT NULL, update_date DATETIME NOT NULL, payment_image CLOB DEFAULT NULL, charge_flg SMALLINT DEFAULT 1, rule_min NUMERIC(10, 0) DEFAULT NULL, PRIMARY KEY(payment_id), CONSTRAINT FK_7AFF628F61220EA6 FOREIGN KEY (creator_id) REFERENCES dtb_member (member_id) NOT DEFERRABLE INITIALLY IMMEDIATE) [] []
[2018-10-22 14:53:37] myapp.DEBUG: CREATE INDEX IDX_7AFF628F61220EA6 ON dtb_payment (creator_id) [] []
[2018-10-22 14:53:37] myapp.DEBUG: CREATE TABLE dtb_mail_template (template_id INTEGER NOT NULL, creator_id INTEGER NOT NULL, name CLOB DEFAULT NULL, file_name CLOB DEFAULT NULL, subject CLOB DEFAULT NULL, header CLOB DEFAULT NULL, footer CLOB DEFAULT NULL, del_flg SMALLINT DEFAULT 0 NOT NULL, create_date DATETIME NOT NULL, update_date DATETIME NOT NULL, PRIMARY KEY(template_id), CONSTRAINT FK_1CB16DB261220EA6 FOREIGN KEY (creator_id) REFERENCES dtb_member (member_id) NOT DEFERRABLE INITIALLY IMMEDIATE) [] []
[2018-10-22 14:53:37] myapp.DEBUG: CREATE INDEX IDX_1CB16DB261220EA6 ON dtb_mail_template (creator_id) [] []
[2018-10-22 14:53:37] myapp.DEBUG: CREATE TABLE dtb_product_tag (product_tag_id INTEGER NOT NULL, product_id INTEGER NOT NULL, tag SMALLINT NOT NULL, creator_id INTEGER NOT NULL, create_date DATETIME NOT NULL, PRIMARY KEY(product_tag_id), CONSTRAINT FK_4433E7214584665A FOREIGN KEY (product_id) REFERENCES dtb_product (product_id) NOT DEFERRABLE INITIALLY IMMEDIATE, CONSTRAINT FK_4433E721389B783 FOREIGN KEY (tag) REFERENCES mtb_tag (id) NOT DEFERRABLE INITIALLY IMMEDIATE, CONSTRAINT FK_4433E72161220EA6 FOREIGN KEY (creator_id) REFERENCES dtb_member (member_id) NOT DEFERRABLE INITIALLY IMMEDIATE) [] []
[2018-10-22 14:53:37] myapp.DEBUG: CREATE INDEX IDX_4433E7214584665A ON dtb_product_tag (product_id) [] []
[2018-10-22 14:53:37] myapp.DEBUG: CREATE INDEX IDX_4433E721389B783 ON dtb_product_tag (tag) [] []
[2018-10-22 14:53:37] myapp.DEBUG: CREATE INDEX IDX_4433E72161220EA6 ON dtb_product_tag (creator_id) [] []
[2018-10-22 14:53:37] myapp.DEBUG: CREATE TABLE dtb_order_detail (order_detail_id INTEGER NOT NULL, order_id INTEGER NOT NULL, product_id INTEGER NOT NULL, product_class_id INTEGER NOT NULL, product_name CLOB NOT NULL, product_code CLOB DEFAULT NULL, class_name1 CLOB DEFAULT NULL, class_name2 CLOB DEFAULT NULL, class_category_name1 CLOB DEFAULT NULL, class_category_name2 CLOB DEFAULT NULL, price NUMERIC(10, 0) DEFAULT NULL, quantity NUMERIC(10, 0) DEFAULT NULL, tax_rate NUMERIC(10, 0) DEFAULT NULL, tax_rule SMALLINT DEFAULT NULL, PRIMARY KEY(order_detail_id), CONSTRAINT FK_58FE35738D9F6D38 FOREIGN KEY (order_id) REFERENCES dtb_order (order_id) NOT DEFERRABLE INITIALLY IMMEDIATE, CONSTRAINT FK_58FE35734584665A FOREIGN KEY (product_id) REFERENCES dtb_product (product_id) NOT DEFERRABLE INITIALLY IMMEDIATE, CONSTRAINT FK_58FE357321B06187 FOREIGN KEY (product_class_id) REFERENCES dtb_product_class (product_class_id) NOT DEFERRABLE INITIALLY IMMEDIATE) [] []
[2018-10-22 14:53:37] myapp.DEBUG: CREATE INDEX IDX_58FE35738D9F6D38 ON dtb_order_detail (order_id) [] []
[2018-10-22 14:53:37] myapp.DEBUG: CREATE INDEX IDX_58FE357321B06187 ON dtb_order_detail (product_class_id) [] []
[2018-10-22 14:53:37] myapp.DEBUG: CREATE INDEX dtb_order_detail_product_id_key ON dtb_order_detail (product_id) [] []
[2018-10-22 14:53:37] myapp.DEBUG: CREATE TABLE dtb_order (order_id INTEGER NOT NULL, customer_id INTEGER DEFAULT NULL, order_country_id SMALLINT DEFAULT NULL, order_pref SMALLINT DEFAULT NULL, order_sex SMALLINT DEFAULT NULL, order_job SMALLINT DEFAULT NULL, payment_id INTEGER DEFAULT NULL, device_type_id SMALLINT DEFAULT NULL, pre_order_id CLOB DEFAULT NULL, message CLOB DEFAULT NULL, order_name01 CLOB DEFAULT NULL, order_name02 CLOB DEFAULT NULL, order_kana01 CLOB DEFAULT NULL, order_kana02 CLOB DEFAULT NULL, order_company_name CLOB DEFAULT NULL, order_email CLOB DEFAULT NULL, order_tel01 CLOB DEFAULT NULL, order_tel02 CLOB DEFAULT NULL, order_tel03 CLOB DEFAULT NULL, order_fax01 CLOB DEFAULT NULL, order_fax02 CLOB DEFAULT NULL, order_fax03 CLOB DEFAULT NULL, order_zip01 CLOB DEFAULT NULL, order_zip02 CLOB DEFAULT NULL, order_zipcode CLOB DEFAULT NULL, order_addr01 CLOB DEFAULT NULL, order_addr02 CLOB DEFAULT NULL, order_birth DATETIME DEFAULT NULL, subtotal NUMERIC(10, 0) DEFAULT NULL, discount NUMERIC(10, 0) DEFAULT '0' NOT NULL, delivery_fee_total NUMERIC(10, 0) DEFAULT NULL, charge NUMERIC(10, 0) DEFAULT NULL, tax NUMERIC(10, 0) DEFAULT NULL, total NUMERIC(10, 0) DEFAULT NULL, payment_total NUMERIC(10, 0) DEFAULT NULL, payment_method CLOB DEFAULT NULL, note CLOB DEFAULT NULL, create_date DATETIME NOT NULL, update_date DATETIME NOT NULL, order_date DATETIME DEFAULT NULL, commit_date DATETIME DEFAULT NULL, payment_date DATETIME DEFAULT NULL, del_flg SMALLINT DEFAULT 0 NOT NULL, status SMALLINT DEFAULT NULL, PRIMARY KEY(order_id), CONSTRAINT FK_1D66D8079395C3F3 FOREIGN KEY (customer_id) REFERENCES dtb_customer (customer_id) NOT DEFERRABLE INITIALLY IMMEDIATE, CONSTRAINT FK_1D66D8074AF5C325 FOREIGN KEY (order_country_id) REFERENCES mtb_country (id) NOT DEFERRABLE INITIALLY IMMEDIATE, CONSTRAINT FK_1D66D807ECA4A226 FOREIGN KEY (order_pref) REFERENCES mtb_pref (id) NOT DEFERRABLE INITIALLY IMMEDIATE, CONSTRAINT FK_1D66D807ACF92697 FOREIGN KEY (order_sex) REFERENCES mtb_sex (id) NOT DEFERRABLE INITIALLY IMMEDIATE, CONSTRAINT FK_1D66D807B883AF98 FOREIGN KEY (order_job) REFERENCES mtb_job (id) NOT DEFERRABLE INITIALLY IMMEDIATE, CONSTRAINT FK_1D66D8074C3A3BB FOREIGN KEY (payment_id) REFERENCES dtb_payment (payment_id) NOT DEFERRABLE INITIALLY IMMEDIATE, CONSTRAINT FK_1D66D8074FFA550E FOREIGN KEY (device_type_id) REFERENCES mtb_device_type (id) NOT DEFERRABLE INITIALLY IMMEDIATE) [] []
[2018-10-22 14:53:37] myapp.DEBUG: CREATE INDEX IDX_1D66D8079395C3F3 ON dtb_order (customer_id) [] []
[2018-10-22 14:53:37] myapp.DEBUG: CREATE INDEX IDX_1D66D8074AF5C325 ON dtb_order (order_country_id) [] []
[2018-10-22 14:53:37] myapp.DEBUG: CREATE INDEX IDX_1D66D807ECA4A226 ON dtb_order (order_pref) [] []
[2018-10-22 14:53:37] myapp.DEBUG: CREATE INDEX IDX_1D66D807ACF92697 ON dtb_order (order_sex) [] []
[2018-10-22 14:53:37] myapp.DEBUG: CREATE INDEX IDX_1D66D807B883AF98 ON dtb_order (order_job) [] []
[2018-10-22 14:53:37] myapp.DEBUG: CREATE INDEX IDX_1D66D8074C3A3BB ON dtb_order (payment_id) [] []
[2018-10-22 14:53:37] myapp.DEBUG: CREATE INDEX IDX_1D66D8074FFA550E ON dtb_order (device_type_id) [] []
[2018-10-22 14:53:37] myapp.DEBUG: CREATE INDEX IDX_1D66D8077B00651C ON dtb_order (status) [] []
[2018-10-22 14:53:37] myapp.DEBUG: CREATE INDEX dtb_order_order_date_idx ON dtb_order (order_date) [] []
[2018-10-22 14:53:37] myapp.DEBUG: CREATE INDEX dtb_order_payment_date_idx ON dtb_order (payment_date) [] []
[2018-10-22 14:53:37] myapp.DEBUG: CREATE INDEX dtb_order_commit_date_idx ON dtb_order (commit_date) [] []
[2018-10-22 14:53:37] myapp.DEBUG: CREATE INDEX dtb_order_update_date_idx ON dtb_order (update_date) [] []
[2018-10-22 14:53:37] myapp.DEBUG: CREATE TABLE dtb_product_image (product_image_id INTEGER NOT NULL, product_id INTEGER NOT NULL, creator_id INTEGER NOT NULL, file_name CLOB NOT NULL, rank INTEGER NOT NULL, create_date DATETIME NOT NULL, PRIMARY KEY(product_image_id), CONSTRAINT FK_3267CC7A4584665A FOREIGN KEY (product_id) REFERENCES dtb_product (product_id) NOT DEFERRABLE INITIALLY IMMEDIATE, CONSTRAINT FK_3267CC7A61220EA6 FOREIGN KEY (creator_id) REFERENCES dtb_member (member_id) NOT DEFERRABLE INITIALLY IMMEDIATE) [] []
[2018-10-22 14:53:37] myapp.DEBUG: CREATE INDEX IDX_3267CC7A4584665A ON dtb_product_image (product_id) [] []
[2018-10-22 14:53:37] myapp.DEBUG: CREATE INDEX IDX_3267CC7A61220EA6 ON dtb_product_image (creator_id) [] []
[2018-10-22 14:53:37] myapp.DEBUG: CREATE TABLE dtb_mail_history (send_id INTEGER NOT NULL, order_id INTEGER NOT NULL, template_id INTEGER DEFAULT NULL, creator_id INTEGER DEFAULT NULL, send_date DATETIME DEFAULT NULL, subject CLOB DEFAULT NULL, mail_body CLOB DEFAULT NULL, PRIMARY KEY(send_id), CONSTRAINT FK_4870AB118D9F6D38 FOREIGN KEY (order_id) REFERENCES dtb_order (order_id) NOT DEFERRABLE INITIALLY IMMEDIATE, CONSTRAINT FK_4870AB115DA0FB8 FOREIGN KEY (template_id) REFERENCES dtb_mail_template (template_id) NOT DEFERRABLE INITIALLY IMMEDIATE, CONSTRAINT FK_4870AB1161220EA6 FOREIGN KEY (creator_id) REFERENCES dtb_member (member_id) NOT DEFERRABLE INITIALLY IMMEDIATE) [] []
[2018-10-22 14:53:37] myapp.DEBUG: CREATE INDEX IDX_4870AB118D9F6D38 ON dtb_mail_history (order_id) [] []
[2018-10-22 14:53:37] myapp.DEBUG: CREATE INDEX IDX_4870AB115DA0FB8 ON dtb_mail_history (template_id) [] []
[2018-10-22 14:53:37] myapp.DEBUG: CREATE INDEX IDX_4870AB1161220EA6 ON dtb_mail_history (creator_id) [] []
[2018-10-22 14:53:37] myapp.DEBUG: CREATE TABLE dtb_template (template_id INTEGER NOT NULL, device_type_id SMALLINT DEFAULT NULL, template_code CLOB NOT NULL, template_name CLOB NOT NULL, create_date DATETIME NOT NULL, update_date DATETIME NOT NULL, PRIMARY KEY(template_id), CONSTRAINT FK_94C12A694FFA550E FOREIGN KEY (device_type_id) REFERENCES mtb_device_type (id) NOT DEFERRABLE INITIALLY IMMEDIATE) [] []
[2018-10-22 14:53:37] myapp.DEBUG: CREATE INDEX IDX_94C12A694FFA550E ON dtb_template (device_type_id) [] []
[2018-10-22 14:53:37] myapp.DEBUG: CREATE TABLE dtb_category_total_count (category_id INTEGER NOT NULL, product_count INTEGER DEFAULT NULL, create_date DATETIME NOT NULL, PRIMARY KEY(category_id)) [] []
[2018-10-22 14:53:37] myapp.DEBUG: CREATE TABLE dtb_page_layout (page_id INTEGER NOT NULL, device_type_id SMALLINT DEFAULT NULL, page_name CLOB DEFAULT NULL, url CLOB NOT NULL, file_name CLOB DEFAULT NULL, edit_flg SMALLINT DEFAULT 1, author CLOB DEFAULT NULL, description CLOB DEFAULT NULL, keyword CLOB DEFAULT NULL, update_url CLOB DEFAULT NULL, create_date DATETIME NOT NULL, update_date DATETIME NOT NULL, meta_robots CLOB DEFAULT NULL, meta_tags CLOB DEFAULT NULL, PRIMARY KEY(page_id), CONSTRAINT FK_F27999414FFA550E FOREIGN KEY (device_type_id) REFERENCES mtb_device_type (id) NOT DEFERRABLE INITIALLY IMMEDIATE) [] []
[2018-10-22 14:53:37] myapp.DEBUG: CREATE INDEX IDX_F27999414FFA550E ON dtb_page_layout (device_type_id) [] []
[2018-10-22 14:53:37] myapp.DEBUG: CREATE TABLE dtb_block (block_id INTEGER NOT NULL, device_type_id SMALLINT DEFAULT NULL, block_name CLOB DEFAULT NULL, file_name VARCHAR(200) NOT NULL, create_date DATETIME NOT NULL, update_date DATETIME NOT NULL, logic_flg SMALLINT DEFAULT 1 NOT NULL, deletable_flg SMALLINT DEFAULT 1 NOT NULL, PRIMARY KEY(block_id), CONSTRAINT FK_6B54DCBD4FFA550E FOREIGN KEY (device_type_id) REFERENCES mtb_device_type (id) NOT DEFERRABLE INITIALLY IMMEDIATE) [] []
[2018-10-22 14:53:37] myapp.DEBUG: CREATE INDEX IDX_6B54DCBD4FFA550E ON dtb_block (device_type_id) [] []
[2018-10-22 14:53:37] myapp.DEBUG: CREATE UNIQUE INDEX device_type_id ON dtb_block (device_type_id, file_name) [] []
[2018-10-22 14:53:37] myapp.DEBUG: CREATE TABLE dtb_customer_favorite_product (favorite_id INTEGER NOT NULL, customer_id INTEGER DEFAULT NULL, product_id INTEGER DEFAULT NULL, create_date DATETIME NOT NULL, update_date DATETIME NOT NULL, del_flg SMALLINT DEFAULT 0 NOT NULL, PRIMARY KEY(favorite_id), CONSTRAINT FK_ED6313839395C3F3 FOREIGN KEY (customer_id) REFERENCES dtb_customer (customer_id) NOT DEFERRABLE INITIALLY IMMEDIATE, CONSTRAINT FK_ED6313834584665A FOREIGN KEY (product_id) REFERENCES dtb_product (product_id) NOT DEFERRABLE INITIALLY IMMEDIATE) [] []
[2018-10-22 14:53:37] myapp.DEBUG: CREATE INDEX IDX_ED6313839395C3F3 ON dtb_customer_favorite_product (customer_id) [] []
[2018-10-22 14:53:37] myapp.DEBUG: CREATE INDEX IDX_ED6313834584665A ON dtb_customer_favorite_product (product_id) [] []
[2018-10-22 14:53:37] myapp.DEBUG: CREATE TABLE dtb_authority_role (authority_role_id INTEGER NOT NULL, authority_id SMALLINT NOT NULL, creator_id INTEGER NOT NULL, deny_url CLOB NOT NULL, create_date DATETIME NOT NULL, update_date DATETIME NOT NULL, PRIMARY KEY(authority_role_id), CONSTRAINT FK_4A1F70B181EC865B FOREIGN KEY (authority_id) REFERENCES mtb_authority (id) NOT DEFERRABLE INITIALLY IMMEDIATE, CONSTRAINT FK_4A1F70B161220EA6 FOREIGN KEY (creator_id) REFERENCES dtb_member (member_id) NOT DEFERRABLE INITIALLY IMMEDIATE) [] []
[2018-10-22 14:53:37] myapp.DEBUG: CREATE INDEX IDX_4A1F70B181EC865B ON dtb_authority_role (authority_id) [] []
[2018-10-22 14:53:37] myapp.DEBUG: CREATE INDEX IDX_4A1F70B161220EA6 ON dtb_authority_role (creator_id) [] []
[2018-10-22 14:53:37] myapp.DEBUG: CREATE TABLE dtb_category (category_id INTEGER NOT NULL, parent_category_id INTEGER DEFAULT NULL, creator_id INTEGER DEFAULT NULL, category_name CLOB NOT NULL, level INTEGER NOT NULL, rank INTEGER NOT NULL, create_date DATETIME NOT NULL, update_date DATETIME NOT NULL, del_flg SMALLINT DEFAULT 0 NOT NULL, PRIMARY KEY(category_id), CONSTRAINT FK_5ED2C2B796A8F92 FOREIGN KEY (parent_category_id) REFERENCES dtb_category (category_id) NOT DEFERRABLE INITIALLY IMMEDIATE, CONSTRAINT FK_5ED2C2B61220EA6 FOREIGN KEY (creator_id) REFERENCES dtb_member (member_id) NOT DEFERRABLE INITIALLY IMMEDIATE) [] []
[2018-10-22 14:53:37] myapp.DEBUG: CREATE INDEX IDX_5ED2C2B796A8F92 ON dtb_category (parent_category_id) [] []
[2018-10-22 14:53:37] myapp.DEBUG: CREATE INDEX IDX_5ED2C2B61220EA6 ON dtb_category (creator_id) [] []
[2018-10-22 14:53:37] myapp.DEBUG: CREATE TABLE dtb_customer_address (customer_address_id INTEGER NOT NULL, customer_id INTEGER NOT NULL, country_id SMALLINT DEFAULT NULL, pref SMALLINT DEFAULT NULL, name01 CLOB DEFAULT NULL, name02 CLOB DEFAULT NULL, kana01 CLOB DEFAULT NULL, kana02 CLOB DEFAULT NULL, company_name CLOB DEFAULT NULL, zip01 CLOB DEFAULT NULL, zip02 CLOB DEFAULT NULL, zipcode CLOB DEFAULT NULL, addr01 CLOB DEFAULT NULL, addr02 CLOB DEFAULT NULL, tel01 CLOB DEFAULT NULL, tel02 CLOB DEFAULT NULL, tel03 CLOB DEFAULT NULL, fax01 CLOB DEFAULT NULL, fax02 CLOB DEFAULT NULL, fax03 CLOB DEFAULT NULL, create_date DATETIME NOT NULL, update_date DATETIME NOT NULL, del_flg SMALLINT DEFAULT 0 NOT NULL, PRIMARY KEY(customer_address_id), CONSTRAINT FK_6C38C0F89395C3F3 FOREIGN KEY (customer_id) REFERENCES dtb_customer (customer_id) NOT DEFERRABLE INITIALLY IMMEDIATE, CONSTRAINT FK_6C38C0F8F92F3E70 FOREIGN KEY (country_id) REFERENCES mtb_country (id) NOT DEFERRABLE INITIALLY IMMEDIATE, CONSTRAINT FK_6C38C0F8A1559831 FOREIGN KEY (pref) REFERENCES mtb_pref (id) NOT DEFERRABLE INITIALLY IMMEDIATE) [] []
[2018-10-22 14:53:38] myapp.DEBUG: CREATE INDEX IDX_6C38C0F89395C3F3 ON dtb_customer_address (customer_id) [] []
[2018-10-22 14:53:38] myapp.DEBUG: CREATE INDEX IDX_6C38C0F8F92F3E70 ON dtb_customer_address (country_id) [] []
[2018-10-22 14:53:38] myapp.DEBUG: CREATE INDEX IDX_6C38C0F8A1559831 ON dtb_customer_address (pref) [] []
[2018-10-22 14:53:38] myapp.DEBUG: CREATE TABLE dtb_delivery_time (time_id INTEGER NOT NULL, delivery_id INTEGER DEFAULT NULL, delivery_time CLOB NOT NULL, PRIMARY KEY(time_id), CONSTRAINT FK_E80EE3A612136921 FOREIGN KEY (delivery_id) REFERENCES dtb_delivery (delivery_id) NOT DEFERRABLE INITIALLY IMMEDIATE) [] []
[2018-10-22 14:53:38] myapp.DEBUG: CREATE INDEX IDX_E80EE3A612136921 ON dtb_delivery_time (delivery_id) [] []
[2018-10-22 14:53:38] myapp.DEBUG: CREATE TABLE dtb_payment_option (delivery_id INTEGER NOT NULL, payment_id INTEGER NOT NULL, PRIMARY KEY(delivery_id, payment_id), CONSTRAINT FK_5631540D12136921 FOREIGN KEY (delivery_id) REFERENCES dtb_delivery (delivery_id) NOT DEFERRABLE INITIALLY IMMEDIATE, CONSTRAINT FK_5631540D4C3A3BB FOREIGN KEY (payment_id) REFERENCES dtb_payment (payment_id) NOT DEFERRABLE INITIALLY IMMEDIATE) [] []
[2018-10-22 14:53:38] myapp.DEBUG: CREATE INDEX IDX_5631540D12136921 ON dtb_payment_option (delivery_id) [] []
[2018-10-22 14:53:38] myapp.DEBUG: CREATE INDEX IDX_5631540D4C3A3BB ON dtb_payment_option (payment_id) [] []
[2018-10-22 14:53:38] myapp.DEBUG: CREATE TABLE mtb_country (id SMALLINT NOT NULL, name CLOB DEFAULT NULL, rank INTEGER NOT NULL, PRIMARY KEY(id)) [] []
[2018-10-22 14:53:38] myapp.DEBUG: CREATE TABLE mtb_customer_order_status (id SMALLINT NOT NULL, name CLOB DEFAULT NULL, rank SMALLINT NOT NULL, PRIMARY KEY(id)) [] []
[2018-10-22 14:53:38] myapp.DEBUG: CREATE TABLE mtb_work (id SMALLINT NOT NULL, name CLOB DEFAULT NULL, rank SMALLINT NOT NULL, PRIMARY KEY(id)) [] []
[2018-10-22 14:53:38] myapp.DEBUG: CREATE TABLE mtb_product_type (id SMALLINT NOT NULL, name CLOB DEFAULT NULL, rank SMALLINT NOT NULL, PRIMARY KEY(id)) [] []
[2018-10-22 14:53:38] myapp.DEBUG: CREATE TABLE mtb_order_status_color (id SMALLINT NOT NULL, name CLOB DEFAULT NULL, rank SMALLINT NOT NULL, PRIMARY KEY(id)) [] []
[2018-10-22 14:53:38] myapp.DEBUG: CREATE TABLE mtb_pref (id SMALLINT NOT NULL, name CLOB DEFAULT NULL, rank SMALLINT NOT NULL, PRIMARY KEY(id)) [] []
[2018-10-22 14:53:38] myapp.DEBUG: CREATE TABLE mtb_order_status (id SMALLINT NOT NULL, name CLOB DEFAULT NULL, rank SMALLINT NOT NULL, PRIMARY KEY(id)) [] []
[2018-10-22 14:53:38] myapp.DEBUG: CREATE TABLE mtb_customer_status (id SMALLINT NOT NULL, name CLOB DEFAULT NULL, rank SMALLINT NOT NULL, PRIMARY KEY(id)) [] []
[2018-10-22 14:53:38] myapp.DEBUG: CREATE TABLE mtb_job (id SMALLINT NOT NULL, name CLOB DEFAULT NULL, rank SMALLINT NOT NULL, PRIMARY KEY(id)) [] []
[2018-10-22 14:53:38] myapp.DEBUG: CREATE TABLE mtb_disp (id SMALLINT NOT NULL, name CLOB DEFAULT NULL, rank SMALLINT NOT NULL, PRIMARY KEY(id)) [] []
[2018-10-22 14:53:38] myapp.DEBUG: CREATE TABLE mtb_db (id SMALLINT NOT NULL, name CLOB DEFAULT NULL, rank SMALLINT NOT NULL, PRIMARY KEY(id)) [] []
[2018-10-22 14:53:38] myapp.DEBUG: CREATE TABLE mtb_tag (id SMALLINT NOT NULL, name CLOB NOT NULL, rank SMALLINT NOT NULL, PRIMARY KEY(id)) [] []
[2018-10-22 14:53:38] myapp.DEBUG: CREATE TABLE mtb_page_max (id SMALLINT NOT NULL, name CLOB DEFAULT NULL, rank SMALLINT NOT NULL, PRIMARY KEY(id)) [] []
[2018-10-22 14:53:38] myapp.DEBUG: CREATE TABLE mtb_authority (id SMALLINT NOT NULL, name CLOB DEFAULT NULL, rank SMALLINT NOT NULL, PRIMARY KEY(id)) [] []
[2018-10-22 14:53:38] myapp.DEBUG: CREATE TABLE mtb_sex (id SMALLINT NOT NULL, name CLOB DEFAULT NULL, rank SMALLINT NOT NULL, PRIMARY KEY(id)) [] []
[2018-10-22 14:53:38] myapp.DEBUG: CREATE TABLE mtb_product_list_order_by (id SMALLINT NOT NULL, name CLOB DEFAULT NULL, rank SMALLINT NOT NULL, PRIMARY KEY(id)) [] []
[2018-10-22 14:53:38] myapp.DEBUG: CREATE TABLE mtb_zip (zip_id INTEGER NOT NULL, zipcode CLOB DEFAULT NULL, state CLOB DEFAULT NULL, city CLOB DEFAULT NULL, town CLOB DEFAULT NULL, PRIMARY KEY(zip_id)) [] []
[2018-10-22 14:53:38] myapp.DEBUG: CREATE TABLE mtb_device_type (id SMALLINT NOT NULL, name CLOB DEFAULT NULL, rank SMALLINT NOT NULL, PRIMARY KEY(id)) [] []
[2018-10-22 14:53:38] myapp.DEBUG: CREATE TABLE mtb_taxrule (id SMALLINT NOT NULL, name CLOB DEFAULT NULL, rank SMALLINT NOT NULL, PRIMARY KEY(id)) [] []
[2018-10-22 14:53:38] myapp.DEBUG: CREATE TABLE mtb_csv_type (id SMALLINT NOT NULL, name CLOB DEFAULT NULL, rank SMALLINT NOT NULL, PRIMARY KEY(id)) [] []
[2018-10-22 14:53:38] myapp.DEBUG: CREATE TABLE mtb_product_list_max (id SMALLINT NOT NULL, name CLOB DEFAULT NULL, rank SMALLINT NOT NULL, PRIMARY KEY(id)) [] []
[2018-10-22 14:53:38] myapp.DEBUG: CREATE TABLE dtb_member (member_id INTEGER NOT NULL, work SMALLINT DEFAULT NULL, authority SMALLINT DEFAULT NULL, creator_id INTEGER DEFAULT NULL, name CLOB DEFAULT NULL, department CLOB DEFAULT NULL, login_id CLOB NOT NULL, password CLOB NOT NULL, salt CLOB NOT NULL, rank INTEGER NOT NULL, del_flg SMALLINT DEFAULT 0 NOT NULL, create_date DATETIME NOT NULL, update_date DATETIME NOT NULL, login_date DATETIME DEFAULT NULL, PRIMARY KEY(member_id), CONSTRAINT FK_10BC3BE6534E6880 FOREIGN KEY (work) REFERENCES mtb_work (id) NOT DEFERRABLE INITIALLY IMMEDIATE, CONSTRAINT FK_10BC3BE64AF96AFC FOREIGN KEY (authority) REFERENCES mtb_authority (id) NOT DEFERRABLE INITIALLY IMMEDIATE, CONSTRAINT FK_10BC3BE661220EA6 FOREIGN KEY (creator_id) REFERENCES dtb_member (member_id) NOT DEFERRABLE INITIALLY IMMEDIATE) [] []
[2018-10-22 14:53:38] myapp.DEBUG: CREATE INDEX IDX_10BC3BE6534E6880 ON dtb_member (work) [] []
[2018-10-22 14:53:38] myapp.DEBUG: CREATE INDEX IDX_10BC3BE64AF96AFC ON dtb_member (authority) [] []
[2018-10-22 14:53:38] myapp.DEBUG: CREATE INDEX IDX_10BC3BE661220EA6 ON dtb_member (creator_id) [] []
[2018-10-22 14:53:38] myapp.DEBUG: CREATE TABLE dtb_base_info (id INTEGER NOT NULL, country_id SMALLINT DEFAULT NULL, pref SMALLINT DEFAULT NULL, company_name CLOB DEFAULT NULL, company_kana CLOB DEFAULT NULL, zip01 CLOB DEFAULT NULL, zip02 CLOB DEFAULT NULL, zipcode CLOB DEFAULT NULL, addr01 CLOB DEFAULT NULL, addr02 CLOB DEFAULT NULL, tel01 CLOB DEFAULT NULL, tel02 CLOB DEFAULT NULL, tel03 CLOB DEFAULT NULL, fax01 CLOB DEFAULT NULL, fax02 CLOB DEFAULT NULL, fax03 CLOB DEFAULT NULL, business_hour CLOB DEFAULT NULL, email01 CLOB DEFAULT NULL, email02 CLOB DEFAULT NULL, email03 CLOB DEFAULT NULL, email04 CLOB DEFAULT NULL, shop_name CLOB DEFAULT NULL, shop_kana CLOB DEFAULT NULL, shop_name_eng CLOB DEFAULT NULL, update_date DATETIME NOT NULL, good_traded CLOB DEFAULT NULL, message CLOB DEFAULT NULL, latitude CLOB DEFAULT NULL, longitude CLOB DEFAULT NULL, delivery_free_amount NUMERIC(10, 0) DEFAULT NULL, delivery_free_quantity INTEGER DEFAULT NULL, option_multiple_shipping SMALLINT DEFAULT 0, option_mypage_order_status_display SMALLINT DEFAULT 1, nostock_hidden SMALLINT DEFAULT 0, option_favorite_product SMALLINT DEFAULT 1, option_product_delivery_fee SMALLINT DEFAULT 0, option_product_tax_rule SMALLINT DEFAULT 0, option_customer_activate SMALLINT DEFAULT 1, option_remember_me SMALLINT DEFAULT 0, authentication_key CLOB DEFAULT NULL, PRIMARY KEY(id), CONSTRAINT FK_1D3655F4F92F3E70 FOREIGN KEY (country_id) REFERENCES mtb_country (id) NOT DEFERRABLE INITIALLY IMMEDIATE, CONSTRAINT FK_1D3655F4A1559831 FOREIGN KEY (pref) REFERENCES mtb_pref (id) NOT DEFERRABLE INITIALLY IMMEDIATE) [] []
[2018-10-22 14:53:38] myapp.DEBUG: CREATE INDEX IDX_1D3655F4F92F3E70 ON dtb_base_info (country_id) [] []
[2018-10-22 14:53:38] myapp.DEBUG: CREATE INDEX IDX_1D3655F4A1559831 ON dtb_base_info (pref) [] []
[2018-10-22 14:53:38] myapp.DEBUG: CREATE TABLE dtb_shipping (shipping_id INTEGER NOT NULL, shipping_country_id SMALLINT DEFAULT NULL, shipping_pref SMALLINT DEFAULT NULL, order_id INTEGER DEFAULT NULL, delivery_id INTEGER DEFAULT NULL, time_id INTEGER DEFAULT NULL, fee_id INTEGER DEFAULT NULL, shipping_name01 CLOB DEFAULT NULL, shipping_name02 CLOB DEFAULT NULL, shipping_kana01 CLOB DEFAULT NULL, shipping_kana02 CLOB DEFAULT NULL, shipping_company_name CLOB DEFAULT NULL, shipping_tel01 CLOB DEFAULT NULL, shipping_tel02 CLOB DEFAULT NULL, shipping_tel03 CLOB DEFAULT NULL, shipping_fax01 CLOB DEFAULT NULL, shipping_fax02 CLOB DEFAULT NULL, shipping_fax03 CLOB DEFAULT NULL, shipping_zip01 CLOB DEFAULT NULL, shipping_zip02 CLOB DEFAULT NULL, shipping_zipcode CLOB DEFAULT NULL, shipping_addr01 CLOB DEFAULT NULL, shipping_addr02 CLOB DEFAULT NULL, shipping_delivery_name CLOB DEFAULT NULL, shipping_delivery_time CLOB DEFAULT NULL, shipping_delivery_date DATETIME DEFAULT NULL, shipping_delivery_fee NUMERIC(10, 0) DEFAULT NULL, shipping_commit_date DATETIME DEFAULT NULL, rank INTEGER DEFAULT NULL, create_date DATETIME NOT NULL, update_date DATETIME NOT NULL, del_flg SMALLINT DEFAULT 0 NOT NULL, PRIMARY KEY(shipping_id), CONSTRAINT FK_2EBD22CE41D46E2E FOREIGN KEY (shipping_country_id) REFERENCES mtb_country (id) NOT DEFERRABLE INITIALLY IMMEDIATE, CONSTRAINT FK_2EBD22CE30E90E33 FOREIGN KEY (shipping_pref) REFERENCES mtb_pref (id) NOT DEFERRABLE INITIALLY IMMEDIATE, CONSTRAINT FK_2EBD22CE8D9F6D38 FOREIGN KEY (order_id) REFERENCES dtb_order (order_id) NOT DEFERRABLE INITIALLY IMMEDIATE, CONSTRAINT FK_2EBD22CE12136921 FOREIGN KEY (delivery_id) REFERENCES dtb_delivery (delivery_id) NOT DEFERRABLE INITIALLY IMMEDIATE, CONSTRAINT FK_2EBD22CE5EEADD3B FOREIGN KEY (time_id) REFERENCES dtb_delivery_time (time_id) NOT DEFERRABLE INITIALLY IMMEDIATE, CONSTRAINT FK_2EBD22CEAB45AECA FOREIGN KEY (fee_id) REFERENCES dtb_delivery_fee (fee_id) NOT DEFERRABLE INITIALLY IMMEDIATE) [] []
[2018-10-22 14:53:38] myapp.DEBUG: CREATE INDEX IDX_2EBD22CE41D46E2E ON dtb_shipping (shipping_country_id) [] []
[2018-10-22 14:53:38] myapp.DEBUG: CREATE INDEX IDX_2EBD22CE30E90E33 ON dtb_shipping (shipping_pref) [] []
[2018-10-22 14:53:38] myapp.DEBUG: CREATE INDEX IDX_2EBD22CE8D9F6D38 ON dtb_shipping (order_id) [] []
[2018-10-22 14:53:38] myapp.DEBUG: CREATE INDEX IDX_2EBD22CE12136921 ON dtb_shipping (delivery_id) [] []
[2018-10-22 14:53:38] myapp.DEBUG: CREATE INDEX IDX_2EBD22CE5EEADD3B ON dtb_shipping (time_id) [] []
[2018-10-22 14:53:38] myapp.DEBUG: CREATE INDEX IDX_2EBD22CEAB45AECA ON dtb_shipping (fee_id) [] []
[2018-10-22 14:53:38] myapp.DEBUG: CREATE TABLE dtb_class_category (class_category_id INTEGER NOT NULL, class_name_id INTEGER NOT NULL, creator_id INTEGER NOT NULL, name CLOB NOT NULL, rank INTEGER NOT NULL, create_date DATETIME NOT NULL, update_date DATETIME NOT NULL, del_flg SMALLINT DEFAULT 0 NOT NULL, PRIMARY KEY(class_category_id), CONSTRAINT FK_9B0D1DBAB462FB2A FOREIGN KEY (class_name_id) REFERENCES dtb_class_name (class_name_id) NOT DEFERRABLE INITIALLY IMMEDIATE, CONSTRAINT FK_9B0D1DBA61220EA6 FOREIGN KEY (creator_id) REFERENCES dtb_member (member_id) NOT DEFERRABLE INITIALLY IMMEDIATE) [] []
[2018-10-22 14:53:38] myapp.DEBUG: CREATE INDEX IDX_9B0D1DBAB462FB2A ON dtb_class_category (class_name_id) [] []
[2018-10-22 14:53:38] myapp.DEBUG: CREATE INDEX IDX_9B0D1DBA61220EA6 ON dtb_class_category (creator_id) [] []
[2018-10-22 14:53:38] myapp.DEBUG: CREATE TABLE dtb_product_stock (product_stock_id INTEGER NOT NULL, product_class_id INTEGER DEFAULT NULL, creator_id INTEGER NOT NULL, stock NUMERIC(10, 0) DEFAULT NULL, create_date DATETIME NOT NULL, update_date DATETIME NOT NULL, PRIMARY KEY(product_stock_id), CONSTRAINT FK_BC6C9E4521B06187 FOREIGN KEY (product_class_id) REFERENCES dtb_product_class (product_class_id) NOT DEFERRABLE INITIALLY IMMEDIATE, CONSTRAINT FK_BC6C9E4561220EA6 FOREIGN KEY (creator_id) REFERENCES dtb_member (member_id) NOT DEFERRABLE INITIALLY IMMEDIATE) [] []
[2018-10-22 14:53:38] myapp.DEBUG: CREATE UNIQUE INDEX UNIQ_BC6C9E4521B06187 ON dtb_product_stock (product_class_id) [] []
[2018-10-22 14:53:38] myapp.DEBUG: CREATE INDEX IDX_BC6C9E4561220EA6 ON dtb_product_stock (creator_id) [] []
[2018-10-22 14:53:38] myapp.DEBUG: CREATE TABLE dtb_delivery_fee (fee_id INTEGER NOT NULL, delivery_id INTEGER DEFAULT NULL, pref SMALLINT NOT NULL, fee NUMERIC(10, 0) NOT NULL, PRIMARY KEY(fee_id), CONSTRAINT FK_491552412136921 FOREIGN KEY (delivery_id) REFERENCES dtb_delivery (delivery_id) NOT DEFERRABLE INITIALLY IMMEDIATE, CONSTRAINT FK_4915524A1559831 FOREIGN KEY (pref) REFERENCES mtb_pref (id) NOT DEFERRABLE INITIALLY IMMEDIATE) [] []
[2018-10-22 14:53:38] myapp.DEBUG: CREATE INDEX IDX_491552412136921 ON dtb_delivery_fee (delivery_id) [] []
[2018-10-22 14:53:38] myapp.DEBUG: CREATE INDEX IDX_4915524A1559831 ON dtb_delivery_fee (pref) [] []
[2018-10-22 14:53:38] myapp.DEBUG: CREATE TABLE dtb_block_position (page_id INTEGER NOT NULL, target_id INTEGER NOT NULL, block_id INTEGER NOT NULL, block_row INTEGER DEFAULT NULL, anywhere SMALLINT DEFAULT 0 NOT NULL, PRIMARY KEY(page_id, target_id, block_id), CONSTRAINT FK_35DCD731E9ED820C FOREIGN KEY (block_id) REFERENCES dtb_block (block_id) NOT DEFERRABLE INITIALLY IMMEDIATE, CONSTRAINT FK_35DCD731C4663E4 FOREIGN KEY (page_id) REFERENCES dtb_page_layout (page_id) NOT DEFERRABLE INITIALLY IMMEDIATE) [] []
[2018-10-22 14:53:38] myapp.DEBUG: CREATE INDEX IDX_35DCD731E9ED820C ON dtb_block_position (block_id) [] []
[2018-10-22 14:53:38] myapp.DEBUG: CREATE INDEX IDX_35DCD731C4663E4 ON dtb_block_position (page_id) [] []
[2018-10-22 14:53:38] myapp.DEBUG: CREATE TABLE dtb_plugin (plugin_id INTEGER NOT NULL, name CLOB NOT NULL, code CLOB NOT NULL, class_name CLOB NOT NULL, plugin_enable SMALLINT DEFAULT 0 NOT NULL, del_flg SMALLINT DEFAULT 0 NOT NULL, version VARCHAR(255) NOT NULL, source CLOB NOT NULL, create_date DATETIME NOT NULL, update_date DATETIME NOT NULL, PRIMARY KEY(plugin_id)) [] []
[2018-10-22 14:53:38] myapp.DEBUG: CREATE TABLE dtb_customer (customer_id INTEGER NOT NULL, status SMALLINT DEFAULT NULL, sex SMALLINT DEFAULT NULL, job SMALLINT DEFAULT NULL, country_id SMALLINT DEFAULT NULL, pref SMALLINT DEFAULT NULL, name01 CLOB NOT NULL, name02 CLOB NOT NULL, kana01 CLOB DEFAULT NULL, kana02 CLOB DEFAULT NULL, company_name CLOB DEFAULT NULL, zip01 CLOB DEFAULT NULL, zip02 CLOB DEFAULT NULL, zipcode CLOB DEFAULT NULL, addr01 CLOB DEFAULT NULL, addr02 CLOB DEFAULT NULL, email CLOB NOT NULL, tel01 CLOB DEFAULT NULL, tel02 CLOB DEFAULT NULL, tel03 CLOB DEFAULT NULL, fax01 CLOB DEFAULT NULL, fax02 CLOB DEFAULT NULL, fax03 CLOB DEFAULT NULL, birth DATETIME DEFAULT NULL, password CLOB DEFAULT NULL, salt CLOB DEFAULT NULL, secret_key VARCHAR(200) NOT NULL, first_buy_date DATETIME DEFAULT NULL, last_buy_date DATETIME DEFAULT NULL, buy_times NUMERIC(10, 0) DEFAULT '0', buy_total NUMERIC(10, 0) DEFAULT '0', note CLOB DEFAULT NULL, reset_key CLOB DEFAULT NULL, reset_expire DATETIME DEFAULT NULL, create_date DATETIME NOT NULL, update_date DATETIME NOT NULL, del_flg SMALLINT DEFAULT 0 NOT NULL, PRIMARY KEY(customer_id), CONSTRAINT FK_8298BBE37B00651C FOREIGN KEY (status) REFERENCES mtb_customer_status (id) NOT DEFERRABLE INITIALLY IMMEDIATE, CONSTRAINT FK_8298BBE3EFA269F7 FOREIGN KEY (sex) REFERENCES mtb_sex (id) NOT DEFERRABLE INITIALLY IMMEDIATE, CONSTRAINT FK_8298BBE3FBD8E0F8 FOREIGN KEY (job) REFERENCES mtb_job (id) NOT DEFERRABLE INITIALLY IMMEDIATE, CONSTRAINT FK_8298BBE3F92F3E70 FOREIGN KEY (country_id) REFERENCES mtb_country (id) NOT DEFERRABLE INITIALLY IMMEDIATE, CONSTRAINT FK_8298BBE3A1559831 FOREIGN KEY (pref) REFERENCES mtb_pref (id) NOT DEFERRABLE INITIALLY IMMEDIATE) [] []
[2018-10-22 14:53:39] myapp.DEBUG: CREATE INDEX IDX_8298BBE37B00651C ON dtb_customer (status) [] []
[2018-10-22 14:53:39] myapp.DEBUG: CREATE INDEX IDX_8298BBE3EFA269F7 ON dtb_customer (sex) [] []
[2018-10-22 14:53:39] myapp.DEBUG: CREATE INDEX IDX_8298BBE3FBD8E0F8 ON dtb_customer (job) [] []
[2018-10-22 14:53:39] myapp.DEBUG: CREATE INDEX IDX_8298BBE3F92F3E70 ON dtb_customer (country_id) [] []
[2018-10-22 14:53:39] myapp.DEBUG: CREATE INDEX IDX_8298BBE3A1559831 ON dtb_customer (pref) [] []
[2018-10-22 14:53:39] myapp.DEBUG: CREATE INDEX dtb_customer_create_date_idx ON dtb_customer (create_date) [] []
[2018-10-22 14:53:39] myapp.DEBUG: CREATE INDEX dtb_customer_update_date_idx ON dtb_customer (update_date) [] []
[2018-10-22 14:53:39] myapp.DEBUG: CREATE INDEX dtb_customer_last_buy_date_idx ON dtb_customer (last_buy_date) [] []
[2018-10-22 14:53:39] myapp.DEBUG: CREATE INDEX dtb_customer_buy_times_idx ON dtb_customer (buy_times) [] []
[2018-10-22 14:53:39] myapp.DEBUG: CREATE INDEX dtb_customer_buy_total_idx ON dtb_customer (buy_total) [] []
[2018-10-22 14:53:39] myapp.DEBUG: CREATE UNIQUE INDEX secret_key ON dtb_customer (secret_key) [] []
[2018-10-22 14:53:39] myapp.DEBUG: CREATE TABLE dtb_product (product_id INTEGER NOT NULL, creator_id INTEGER NOT NULL, status SMALLINT DEFAULT NULL, name CLOB NOT NULL, note CLOB DEFAULT NULL, description_list CLOB DEFAULT NULL, description_detail CLOB DEFAULT NULL, search_word CLOB DEFAULT NULL, free_area CLOB DEFAULT NULL, del_flg SMALLINT DEFAULT 0 NOT NULL, create_date DATETIME NOT NULL, update_date DATETIME NOT NULL, PRIMARY KEY(product_id), CONSTRAINT FK_C49DE22F61220EA6 FOREIGN KEY (creator_id) REFERENCES dtb_member (member_id) NOT DEFERRABLE INITIALLY IMMEDIATE, CONSTRAINT FK_C49DE22F7B00651C FOREIGN KEY (status) REFERENCES mtb_disp (id) NOT DEFERRABLE INITIALLY IMMEDIATE) [] []
[2018-10-22 14:53:39] myapp.DEBUG: CREATE INDEX IDX_C49DE22F61220EA6 ON dtb_product (creator_id) [] []
[2018-10-22 14:53:39] myapp.DEBUG: CREATE INDEX IDX_C49DE22F7B00651C ON dtb_product (status) [] []
[2018-10-22 14:53:39] myapp.DEBUG: CREATE TABLE dtb_product_class (product_class_id INTEGER NOT NULL, product_id INTEGER NOT NULL, product_type_id SMALLINT NOT NULL, class_category_id1 INTEGER DEFAULT NULL, class_category_id2 INTEGER DEFAULT NULL, delivery_date_id INTEGER DEFAULT NULL, creator_id INTEGER NOT NULL, product_code CLOB DEFAULT NULL, stock NUMERIC(10, 0) DEFAULT NULL, stock_unlimited SMALLINT NOT NULL, sale_limit NUMERIC(10, 0) DEFAULT NULL, price01 NUMERIC(10, 0) DEFAULT NULL, price02 NUMERIC(10, 0) NOT NULL, delivery_fee NUMERIC(10, 0) DEFAULT NULL, create_date DATETIME NOT NULL, update_date DATETIME NOT NULL, del_flg SMALLINT DEFAULT 0 NOT NULL, PRIMARY KEY(product_class_id), CONSTRAINT FK_1A11D1BA4584665A FOREIGN KEY (product_id) REFERENCES dtb_product (product_id) NOT DEFERRABLE INITIALLY IMMEDIATE, CONSTRAINT FK_1A11D1BA14959723 FOREIGN KEY (product_type_id) REFERENCES mtb_product_type (id) NOT DEFERRABLE INITIALLY IMMEDIATE, CONSTRAINT FK_1A11D1BA248D128 FOREIGN KEY (class_category_id1) REFERENCES dtb_class_category (class_category_id) NOT DEFERRABLE INITIALLY IMMEDIATE, CONSTRAINT FK_1A11D1BA9B418092 FOREIGN KEY (class_category_id2) REFERENCES dtb_class_category (class_category_id) NOT DEFERRABLE INITIALLY IMMEDIATE, CONSTRAINT FK_1A11D1BAB28989B5 FOREIGN KEY (delivery_date_id) REFERENCES dtb_delivery_date (date_id) NOT DEFERRABLE INITIALLY IMMEDIATE, CONSTRAINT FK_1A11D1BA61220EA6 FOREIGN KEY (creator_id) REFERENCES dtb_member (member_id) NOT DEFERRABLE INITIALLY IMMEDIATE) [] []
[2018-10-22 14:53:39] myapp.DEBUG: CREATE INDEX IDX_1A11D1BA4584665A ON dtb_product_class (product_id) [] []
[2018-10-22 14:53:39] myapp.DEBUG: CREATE INDEX IDX_1A11D1BA14959723 ON dtb_product_class (product_type_id) [] []
[2018-10-22 14:53:39] myapp.DEBUG: CREATE INDEX IDX_1A11D1BA248D128 ON dtb_product_class (class_category_id1) [] []
[2018-10-22 14:53:39] myapp.DEBUG: CREATE INDEX IDX_1A11D1BA9B418092 ON dtb_product_class (class_category_id2) [] []
[2018-10-22 14:53:39] myapp.DEBUG: CREATE INDEX IDX_1A11D1BAB28989B5 ON dtb_product_class (delivery_date_id) [] []
[2018-10-22 14:53:39] myapp.DEBUG: CREATE INDEX IDX_1A11D1BA61220EA6 ON dtb_product_class (creator_id) [] []
[2018-10-22 14:53:39] myapp.DEBUG: CREATE INDEX dtb_product_class_price02_idx ON dtb_product_class (price02) [] []
[2018-10-22 14:53:39] myapp.DEBUG: CREATE INDEX dtb_product_class_stock_stock_unlimited_idx ON dtb_product_class (stock, stock_unlimited) [] []
[2018-10-22 14:53:39] myapp.DEBUG: CREATE TABLE dtb_shipment_item (item_id INTEGER NOT NULL, order_id INTEGER NOT NULL, product_id INTEGER NOT NULL, product_class_id INTEGER NOT NULL, shipping_id INTEGER NOT NULL, product_name CLOB NOT NULL, product_code CLOB DEFAULT NULL, class_name1 CLOB DEFAULT NULL, class_name2 CLOB DEFAULT NULL, class_category_name1 CLOB DEFAULT NULL, class_category_name2 CLOB DEFAULT NULL, price NUMERIC(10, 0) DEFAULT NULL, quantity NUMERIC(10, 0) DEFAULT NULL, PRIMARY KEY(item_id), CONSTRAINT FK_57C3C0398D9F6D38 FOREIGN KEY (order_id) REFERENCES dtb_order (order_id) NOT DEFERRABLE INITIALLY IMMEDIATE, CONSTRAINT FK_57C3C0394584665A FOREIGN KEY (product_id) REFERENCES dtb_product (product_id) NOT DEFERRABLE INITIALLY IMMEDIATE, CONSTRAINT FK_57C3C03921B06187 FOREIGN KEY (product_class_id) REFERENCES dtb_product_class (product_class_id) NOT DEFERRABLE INITIALLY IMMEDIATE, CONSTRAINT FK_57C3C0394887F3F8 FOREIGN KEY (shipping_id) REFERENCES dtb_shipping (shipping_id) NOT DEFERRABLE INITIALLY IMMEDIATE) [] []
[2018-10-22 14:53:39] myapp.DEBUG: CREATE INDEX IDX_57C3C0398D9F6D38 ON dtb_shipment_item (order_id) [] []
[2018-10-22 14:53:39] myapp.DEBUG: CREATE INDEX IDX_57C3C0394584665A ON dtb_shipment_item (product_id) [] []
[2018-10-22 14:53:39] myapp.DEBUG: CREATE INDEX IDX_57C3C03921B06187 ON dtb_shipment_item (product_class_id) [] []
[2018-10-22 14:53:39] myapp.DEBUG: CREATE INDEX IDX_57C3C0394887F3F8 ON dtb_shipment_item (shipping_id) [] []
[2018-10-22 14:53:39] myapp.DEBUG: CREATE TABLE dtb_class_name (class_name_id INTEGER NOT NULL, creator_id INTEGER NOT NULL, name CLOB NOT NULL, rank INTEGER NOT NULL, create_date DATETIME NOT NULL, update_date DATETIME NOT NULL, del_flg SMALLINT DEFAULT 0 NOT NULL, PRIMARY KEY(class_name_id), CONSTRAINT FK_187C95AD61220EA6 FOREIGN KEY (creator_id) REFERENCES dtb_member (member_id) NOT DEFERRABLE INITIALLY IMMEDIATE) [] []
[2018-10-22 14:53:39] myapp.DEBUG: CREATE INDEX IDX_187C95AD61220EA6 ON dtb_class_name (creator_id) [] []
[2018-10-22 14:53:39] myapp.DEBUG: CREATE TABLE dtb_product_category (product_id INTEGER NOT NULL, category_id INTEGER NOT NULL, rank INTEGER NOT NULL, PRIMARY KEY(product_id, category_id), CONSTRAINT FK_B05778914584665A FOREIGN KEY (product_id) REFERENCES dtb_product (product_id) NOT DEFERRABLE INITIALLY IMMEDIATE, CONSTRAINT FK_B057789112469DE2 FOREIGN KEY (category_id) REFERENCES dtb_category (category_id) NOT DEFERRABLE INITIALLY IMMEDIATE) [] []
[2018-10-22 14:53:39] myapp.DEBUG: CREATE INDEX IDX_B05778914584665A ON dtb_product_category (product_id) [] []
[2018-10-22 14:53:39] myapp.DEBUG: CREATE INDEX IDX_B057789112469DE2 ON dtb_product_category (category_id) [] []
[2018-10-22 14:53:39] myapp.DEBUG: CREATE TABLE dtb_delivery (delivery_id INTEGER NOT NULL, creator_id INTEGER NOT NULL, product_type_id SMALLINT NOT NULL, name CLOB DEFAULT NULL, service_name CLOB DEFAULT NULL, description CLOB DEFAULT NULL, confirm_url CLOB DEFAULT NULL, rank INTEGER DEFAULT NULL, del_flg SMALLINT DEFAULT 0 NOT NULL, create_date DATETIME NOT NULL, update_date DATETIME NOT NULL, PRIMARY KEY(delivery_id), CONSTRAINT FK_3420D9FA61220EA6 FOREIGN KEY (creator_id) REFERENCES dtb_member (member_id) NOT DEFERRABLE INITIALLY IMMEDIATE, CONSTRAINT FK_3420D9FA14959723 FOREIGN KEY (product_type_id) REFERENCES mtb_product_type (id) NOT DEFERRABLE INITIALLY IMMEDIATE) [] []
[2018-10-22 14:53:39] myapp.DEBUG: CREATE INDEX IDX_3420D9FA61220EA6 ON dtb_delivery (creator_id) [] []
[2018-10-22 14:53:39] myapp.DEBUG: CREATE INDEX IDX_3420D9FA14959723 ON dtb_delivery (product_type_id) [] []
[2018-10-22 14:53:39] myapp.DEBUG: CREATE TABLE dtb_plugin_event_handler (id INTEGER NOT NULL, plugin_id INTEGER NOT NULL, event VARCHAR(255) NOT NULL, priority INTEGER NOT NULL, del_flg SMALLINT DEFAULT 0 NOT NULL, handler VARCHAR(255) NOT NULL, handler_type VARCHAR(255) NOT NULL, create_date DATETIME NOT NULL, update_date DATETIME NOT NULL, PRIMARY KEY(id), CONSTRAINT FK_92639EBDEC942BCF FOREIGN KEY (plugin_id) REFERENCES dtb_plugin (plugin_id) NOT DEFERRABLE INITIALLY IMMEDIATE) [] []
[2018-10-22 14:53:39] myapp.DEBUG: CREATE INDEX IDX_92639EBDEC942BCF ON dtb_plugin_event_handler (plugin_id) [] []
[2018-10-22 14:53:39] myapp.DEBUG: CREATE TABLE dtb_category_count (category_id INTEGER NOT NULL, product_count INTEGER NOT NULL, create_date DATETIME NOT NULL, PRIMARY KEY(category_id)) [] []
[2018-10-22 14:53:39] myapp.DEBUG: CREATE TABLE dtb_tax_rule (tax_rule_id INTEGER NOT NULL, product_class_id INTEGER DEFAULT NULL, creator_id INTEGER NOT NULL, country_id SMALLINT DEFAULT NULL, pref_id SMALLINT DEFAULT NULL, product_id INTEGER DEFAULT NULL, calc_rule SMALLINT DEFAULT NULL, tax_rate NUMERIC(10, 0) DEFAULT '8' NOT NULL, tax_adjust NUMERIC(10, 0) DEFAULT '0' NOT NULL, apply_date DATETIME NOT NULL, del_flg SMALLINT DEFAULT 0 NOT NULL, create_date DATETIME NOT NULL, update_date DATETIME NOT NULL, PRIMARY KEY(tax_rule_id), CONSTRAINT FK_59F696DE21B06187 FOREIGN KEY (product_class_id) REFERENCES dtb_product_class (product_class_id) NOT DEFERRABLE INITIALLY IMMEDIATE, CONSTRAINT FK_59F696DE61220EA6 FOREIGN KEY (creator_id) REFERENCES dtb_member (member_id) NOT DEFERRABLE INITIALLY IMMEDIATE, CONSTRAINT FK_59F696DEF92F3E70 FOREIGN KEY (country_id) REFERENCES mtb_country (id) NOT DEFERRABLE INITIALLY IMMEDIATE, CONSTRAINT FK_59F696DEE171EF5F FOREIGN KEY (pref_id) REFERENCES mtb_pref (id) NOT DEFERRABLE INITIALLY IMMEDIATE, CONSTRAINT FK_59F696DE4584665A FOREIGN KEY (product_id) REFERENCES dtb_product (product_id) NOT DEFERRABLE INITIALLY IMMEDIATE, CONSTRAINT FK_59F696DE800F7945 FOREIGN KEY (calc_rule) REFERENCES mtb_taxrule (id) NOT DEFERRABLE INITIALLY IMMEDIATE) [] []
[2018-10-22 14:53:39] myapp.DEBUG: CREATE UNIQUE INDEX UNIQ_59F696DE21B06187 ON dtb_tax_rule (product_class_id) [] []
[2018-10-22 14:53:39] myapp.DEBUG: CREATE INDEX IDX_59F696DE61220EA6 ON dtb_tax_rule (creator_id) [] []
[2018-10-22 14:53:39] myapp.DEBUG: CREATE INDEX IDX_59F696DEF92F3E70 ON dtb_tax_rule (country_id) [] []
[2018-10-22 14:53:39] myapp.DEBUG: CREATE INDEX IDX_59F696DEE171EF5F ON dtb_tax_rule (pref_id) [] []
[2018-10-22 14:53:39] myapp.DEBUG: CREATE INDEX IDX_59F696DE4584665A ON dtb_tax_rule (product_id) [] []
[2018-10-22 14:53:39] myapp.DEBUG: CREATE INDEX IDX_59F696DE800F7945 ON dtb_tax_rule (calc_rule) [] []
[2018-10-22 14:53:39] myapp.DEBUG: CREATE TABLE dtb_help (id INTEGER NOT NULL, law_country_id SMALLINT DEFAULT NULL, law_pref SMALLINT DEFAULT NULL, customer_agreement CLOB DEFAULT NULL, law_company CLOB DEFAULT NULL, law_manager CLOB DEFAULT NULL, law_zip01 CLOB DEFAULT NULL, law_zip02 CLOB DEFAULT NULL, law_zipcode CLOB DEFAULT NULL, law_addr01 CLOB DEFAULT NULL, law_addr02 CLOB DEFAULT NULL, law_tel01 CLOB DEFAULT NULL, law_tel02 CLOB DEFAULT NULL, law_tel03 CLOB DEFAULT NULL, law_fax01 CLOB DEFAULT NULL, law_fax02 CLOB DEFAULT NULL, law_fax03 CLOB DEFAULT NULL, law_email CLOB DEFAULT NULL, law_url CLOB DEFAULT NULL, law_term01 CLOB DEFAULT NULL, law_term02 CLOB DEFAULT NULL, law_term03 CLOB DEFAULT NULL, law_term04 CLOB DEFAULT NULL, law_term05 CLOB DEFAULT NULL, law_term06 CLOB DEFAULT NULL, law_term07 CLOB DEFAULT NULL, law_term08 CLOB DEFAULT NULL, law_term09 CLOB DEFAULT NULL, law_term10 CLOB DEFAULT NULL, create_date DATETIME NOT NULL, update_date DATETIME NOT NULL, PRIMARY KEY(id), CONSTRAINT FK_FF18F0EB5C77387 FOREIGN KEY (law_country_id) REFERENCES mtb_country (id) NOT DEFERRABLE INITIALLY IMMEDIATE, CONSTRAINT FK_FF18F0EBE3D20F82 FOREIGN KEY (law_pref) REFERENCES mtb_pref (id) NOT DEFERRABLE INITIALLY IMMEDIATE) [] []
[2018-10-22 14:53:39] myapp.DEBUG: CREATE INDEX IDX_FF18F0EB5C77387 ON dtb_help (law_country_id) [] []
[2018-10-22 14:53:39] myapp.DEBUG: CREATE INDEX IDX_FF18F0EBE3D20F82 ON dtb_help (law_pref) [] []
[2018-10-22 14:53:39] myapp.DEBUG: CREATE TABLE dtb_csv (csv_id INTEGER NOT NULL, csv_type SMALLINT NOT NULL, creator_id INTEGER NOT NULL, entity_name CLOB NOT NULL, field_name CLOB NOT NULL, reference_field_name CLOB DEFAULT NULL, disp_name CLOB NOT NULL, rank SMALLINT NOT NULL, enable_flg SMALLINT NOT NULL, create_date DATETIME NOT NULL, update_date DATETIME NOT NULL, PRIMARY KEY(csv_id), CONSTRAINT FK_F55F48C32C648C74 FOREIGN KEY (csv_type) REFERENCES mtb_csv_type (id) NOT DEFERRABLE INITIALLY IMMEDIATE, CONSTRAINT FK_F55F48C361220EA6 FOREIGN KEY (creator_id) REFERENCES dtb_member (member_id) NOT DEFERRABLE INITIALLY IMMEDIATE) [] []
[2018-10-22 14:53:39] myapp.DEBUG: CREATE INDEX IDX_F55F48C32C648C74 ON dtb_csv (csv_type) [] []
[2018-10-22 14:53:39] myapp.DEBUG: CREATE INDEX IDX_F55F48C361220EA6 ON dtb_csv (creator_id) [] []
[2018-10-22 14:53:39] myapp.DEBUG: CREATE TABLE dtb_delivery_date (date_id INTEGER NOT NULL, name CLOB DEFAULT NULL, value SMALLINT DEFAULT 0 NOT NULL, rank SMALLINT NOT NULL, PRIMARY KEY(date_id)) [] []
[2018-10-22 14:53:49] myapp.CRITICAL: Doctrine\DBAL\Exception\DriverException: An exception occurred while executing 'select version() as v':  SQLSTATE[HY000]: General error: 1 no such function: version (uncaught exception) at /home/ubuntu/workspace/vendor/doctrine/dbal/lib/Doctrine/DBAL/Driver/AbstractSQLiteDriver.php line 85 {"exception":"[object] (Doctrine\\DBAL\\Exception\\DriverException(code: 0): An exception occurred while executing 'select version() as v':\n\nSQLSTATE[HY000]: General error: 1 no such function: version at /home/ubuntu/workspace/vendor/doctrine/dbal/lib/Doctrine/DBAL/Driver/AbstractSQLiteDriver.php:85, Doctrine\\DBAL\\Driver\\PDOException(code: HY000): SQLSTATE[HY000]: General error: 1 no such function: version at /home/ubuntu/workspace/vendor/doctrine/dbal/lib/Doctrine/DBAL/Driver/PDOConnection.php:106, PDOException(code: HY000): SQLSTATE[HY000]: General error: 1 no such function: version at /home/ubuntu/workspace/vendor/doctrine/dbal/lib/Doctrine/DBAL/Driver/PDOConnection.php:104)"} []
[2018-10-22 14:53:49] myapp.INFO: < 500 [] []
[2018-10-22 14:54:25] myapp.INFO: Matched route "install". {"route_parameters":{"_controller":"\\Eccube\\Controller\\Install\\InstallController::index","_route":"install"},"request_uri":"http://ec-cute-kaku87.c9users.io/html/install.php/"} []
[2018-10-22 14:54:25] myapp.INFO: > GET /html/install.php [] []
[2018-10-22 14:54:25] myapp.INFO: < 302 /html/install.php/step1 [] []
[2018-10-22 14:54:25] myapp.INFO: Matched route "install_step1". {"route_parameters":{"_controller":"\\Eccube\\Controller\\Install\\InstallController::step1","_route":"install_step1"},"request_uri":"http://ec-cute-kaku87.c9users.io/html/install.php/step1"} []
[2018-10-22 14:54:25] myapp.INFO: > GET /html/install.php/step1 [] []
[2018-10-22 14:54:25] myapp.INFO: < 200 [] []
[2018-10-22 14:54:32] myapp.INFO: Matched route "install_step1". {"route_parameters":{"_controller":"\\Eccube\\Controller\\Install\\InstallController::step1","_route":"install_step1"},"request_uri":"http://ec-cute-kaku87.c9users.io/html/install.php/step1"} []
[2018-10-22 14:54:32] myapp.INFO: > POST /html/install.php/step1 [] []
[2018-10-22 14:54:32] myapp.INFO: < 302 /html/install.php/step2 [] []
[2018-10-22 14:54:33] myapp.INFO: Matched route "install_step2". {"route_parameters":{"_controller":"\\Eccube\\Controller\\Install\\InstallController::step2","_route":"install_step2"},"request_uri":"http://ec-cute-kaku87.c9users.io/html/install.php/step2"} []
[2018-10-22 14:54:33] myapp.INFO: > GET /html/install.php/step2 [] []
[2018-10-22 14:54:33] myapp.INFO: < 200 [] []
[2018-10-22 14:54:34] myapp.INFO: Matched route "install_step3". {"route_parameters":{"_controller":"\\Eccube\\Controller\\Install\\InstallController::step3","_route":"install_step3"},"request_uri":"http://ec-cute-kaku87.c9users.io/html/install.php/step3"} []
[2018-10-22 14:54:34] myapp.INFO: > GET /html/install.php/step3 [] []
[2018-10-22 14:54:35] myapp.INFO: < 200 [] []
[2018-10-22 14:58:20] myapp.INFO: Matched route "install_step3". {"route_parameters":{"_controller":"\\Eccube\\Controller\\Install\\InstallController::step3","_route":"install_step3"},"request_uri":"http://ec-cute-kaku87.c9users.io/html/install.php/step3"} []
[2018-10-22 14:58:20] myapp.INFO: > POST /html/install.php/step3 [] []
[2018-10-22 14:58:20] myapp.INFO: < 302 /html/install.php/step4 [] []
[2018-10-22 14:58:21] myapp.INFO: Matched route "install_step4". {"route_parameters":{"_controller":"\\Eccube\\Controller\\Install\\InstallController::step4","_route":"install_step4"},"request_uri":"http://ec-cute-kaku87.c9users.io/html/install.php/step4"} []
[2018-10-22 14:58:21] myapp.INFO: > GET /html/install.php/step4 [] []
[2018-10-22 14:58:22] myapp.INFO: < 200 [] []
